<?xml version="1.0" encoding="UTF-8"?>
<!-- Generated by org.testng.reporters.JUnitReportReporter -->
<testsuite skipped="0" hostname="IN5CG8031V4V" name="Mavendemo.base" tests="1" failures="0" timestamp="2021-08-13T19:53:45 IST" time="0.016" errors="0">
  <testcase name="InitializeDriver" time="0.016" classname="Mavendemo.base"/>
  <system-out/>
</testsuite> <!-- Mavendemo.base -->
