<?xml version="1.0" encoding="UTF-8"?>
<!-- Generated by org.testng.reporters.JUnitReportReporter -->
<testsuite skipped="0" hostname="IN5CG8031V4V" name="Mavendemo.Login" tests="3" failures="0" timestamp="2021-08-27T20:53:42 IST" time="16.700" errors="0">
  <testcase name="login" time="16.614" classname="Mavendemo.Login"/>
  <system-out/>
  <testcase name="home" time="0.084" classname="Mavendemo.Login"/>
  <system-out/>
  <testcase name="ok" time="0.002" classname="Mavendemo.Login"/>
  <system-out/>
</testsuite> <!-- Mavendemo.Login -->
