<?xml version="1.0" encoding="UTF-8"?>
<!-- Generated by org.testng.reporters.JUnitReportReporter -->
<testsuite skipped="0" hostname="IN5CG8031V4V" name="Mavendemo.MobileTest" tests="2" failures="0" timestamp="2021-08-05T19:02:44 IST" time="10.827" errors="0">
  <testcase name="Mobilepage" time="0.058" classname="Mavendemo.MobileTest"/>
  <system-out/>
  <testcase name="Mobilelogin" time="10.769" classname="Mavendemo.MobileTest"/>
  <system-out/>
</testsuite> <!-- Mavendemo.MobileTest -->
