<?xml version="1.0" encoding="UTF-8"?>
<!-- Generated by org.testng.reporters.JUnitReportReporter -->
<testsuite skipped="0" hostname="IN5CG8031V4V" name="Mavendemo.WebTest" tests="2" failures="0" timestamp="2021-08-04T22:41:09 IST" time="0.005" errors="0">
  <testcase name="Webpage" time="0.003" classname="Mavendemo.WebTest"/>
  <system-out/>
  <testcase name="Weblogin" time="0.002" classname="Mavendemo.WebTest"/>
  <system-out/>
</testsuite> <!-- Mavendemo.WebTest -->
