<?xml version="1.0" encoding="UTF-8"?>
<!-- Generated by org.testng.reporters.JUnitReportReporter -->
<testsuite skipped="0" hostname="IN5CG8031V4V" name="Mavendemo.WebTest" tests="1" failures="0" timestamp="2021-08-05T10:44:54 IST" time="0.000" errors="0">
  <testcase name="Weblogin" time="0.000" classname="Mavendemo.WebTest"/>
  <system-out/>
</testsuite> <!-- Mavendemo.WebTest -->
