<?xml version="1.0" encoding="UTF-8"?>
<!-- Generated by org.testng.reporters.JUnitReportReporter -->
<testsuite skipped="0" hostname="IN5CG8031V4V" name="Mavendemo.Login" tests="1" failures="0" timestamp="2021-08-25T22:26:37 IST" time="8.009" errors="0">
  <testcase name="login" time="8.009" classname="Mavendemo.Login"/>
  <system-out/>
</testsuite> <!-- Mavendemo.Login -->
