<?xml version="1.0" encoding="UTF-8"?>
<!-- Generated by org.testng.reporters.JUnitReportReporter -->
<testsuite skipped="0" hostname="IN5CG8031V4V" name="Mavendemo.APITest" tests="2" failures="0" timestamp="2021-08-05T10:47:24 IST" time="0.007" errors="0">
  <testcase name="APIlogin" time="0.006" classname="Mavendemo.APITest"/>
  <system-out/>
  <testcase name="APIpage" time="0.001" classname="Mavendemo.APITest"/>
  <system-out/>
</testsuite> <!-- Mavendemo.APITest -->
